<?xml version="1.0" encoding="UTF-8"?>
<testng-results total="1" passed="1" failed="0" skipped="0">
  <reporter-output>
    <line>
      <![CDATA[Customer-00000011230 delete successfully<br>]]>
    </line>
    <line>
      <![CDATA[Customer-00000011231 delete successfully<br>]]>
    </line>
    <line>
      <![CDATA[Customer-00000011229 delete successfully<br>]]>
    </line>
  </reporter-output>
  <suite started-at="2024-10-07T06:27:14Z" name="Default suite" finished-at="2024-10-07T06:28:18Z" duration-ms="63995">
    <groups>
    </groups>
    <test started-at="2024-10-07T06:27:14Z" name="Default test" finished-at="2024-10-07T06:28:18Z" duration-ms="63995">
      <class name="driverFactory.DriverScript">
        <test-method is-config="true" signature="setUp()[pri:0, instance:driverFactory.DriverScript@132e0cc]" started-at="2024-10-07T11:57:14Z" name="setUp" finished-at="2024-10-07T11:57:17Z" duration-ms="3227" status="PASS">
          <reporter-output>
          </reporter-output>
        </test-method> <!-- setUp -->
        <test-method signature="deleteCustomer()[pri:0, instance:driverFactory.DriverScript@132e0cc]" started-at="2024-10-07T11:57:17Z" name="deleteCustomer" finished-at="2024-10-07T11:58:17Z" duration-ms="60465" status="PASS">
          <reporter-output>
            <line>
              <![CDATA[Customer-00000011230 delete successfully<br>]]>
            </line>
            <line>
              <![CDATA[Customer-00000011231 delete successfully<br>]]>
            </line>
            <line>
              <![CDATA[Customer-00000011229 delete successfully<br>]]>
            </line>
          </reporter-output>
        </test-method> <!-- deleteCustomer -->
        <test-method is-config="true" signature="tearDown()[pri:0, instance:driverFactory.DriverScript@132e0cc]" started-at="2024-10-07T11:58:17Z" name="tearDown" finished-at="2024-10-07T11:58:18Z" duration-ms="280" status="PASS">
          <reporter-output>
          </reporter-output>
        </test-method> <!-- tearDown -->
      </class> <!-- driverFactory.DriverScript -->
    </test> <!-- Default test -->
  </suite> <!-- Default suite -->
</testng-results>
