<?xml version="1.0" encoding="UTF-8"?>
<testng-results total="3" passed="3" failed="0" skipped="0">
  <reporter-output>
    <line>
      <![CDATA[Login Successfull with admin & master :: Test Pass<br>]]>
    </line>
    <line>
      <![CDATA[Customer Customer-00000011279 Add Success :: Test Pass<br>]]>
    </line>
    <line>
      <![CDATA[Customer Customer-00000011280 Add Success :: Test Pass<br>]]>
    </line>
    <line>
      <![CDATA[Customer Customer-00000011281 Add Success :: Test Pass<br>]]>
    </line>
    <line>
      <![CDATA[Customer Customer-00000011282 Add Success :: Test Pass<br>]]>
    </line>
    <line>
      <![CDATA[Customer Customer-00000011283 Add Success :: Test Pass<br>]]>
    </line>
    <line>
      <![CDATA[Customer Customer-00000011284 Add Success :: Test Pass<br>]]>
    </line>
    <line>
      <![CDATA[Customer Customer-00000011285 Add Success :: Test Pass<br>]]>
    </line>
    <line>
      <![CDATA[Customer-00000010026 deleted successfully<br>]]>
    </line>
    <line>
      <![CDATA[Customer-00000006849 deleted successfully<br>]]>
    </line>
    <line>
      <![CDATA[Customer-00000010024 deleted successfully<br>]]>
    </line>
  </reporter-output>
  <suite started-at="2024-10-07T06:34:55Z" name="Default suite" finished-at="2024-10-07T06:37:00Z" duration-ms="125117">
    <groups>
    </groups>
    <test started-at="2024-10-07T06:34:55Z" name="Default test" finished-at="2024-10-07T06:37:00Z" duration-ms="125117">
      <class name="driverFactory.DriverScript">
        <test-method is-config="true" signature="setUp()[pri:0, instance:driverFactory.DriverScript@132e0cc]" started-at="2024-10-07T12:04:55Z" name="setUp" finished-at="2024-10-07T12:04:58Z" duration-ms="3323" status="PASS">
          <reporter-output>
          </reporter-output>
        </test-method> <!-- setUp -->
        <test-method signature="adminLoginValidation()[pri:0, instance:driverFactory.DriverScript@132e0cc]" started-at="2024-10-07T12:04:58Z" name="adminLoginValidation" finished-at="2024-10-07T12:05:03Z" duration-ms="5052" status="PASS">
          <reporter-output>
            <line>
              <![CDATA[Login Successfull with admin & master :: Test Pass<br>]]>
            </line>
          </reporter-output>
        </test-method> <!-- adminLoginValidation -->
        <test-method signature="addingCustomer()[pri:0, instance:driverFactory.DriverScript@132e0cc]" started-at="2024-10-07T12:05:03Z" name="addingCustomer" finished-at="2024-10-07T12:06:01Z" duration-ms="58020" status="PASS">
          <reporter-output>
            <line>
              <![CDATA[Customer Customer-00000011279 Add Success :: Test Pass<br>]]>
            </line>
            <line>
              <![CDATA[Customer Customer-00000011280 Add Success :: Test Pass<br>]]>
            </line>
            <line>
              <![CDATA[Customer Customer-00000011281 Add Success :: Test Pass<br>]]>
            </line>
            <line>
              <![CDATA[Customer Customer-00000011282 Add Success :: Test Pass<br>]]>
            </line>
            <line>
              <![CDATA[Customer Customer-00000011283 Add Success :: Test Pass<br>]]>
            </line>
            <line>
              <![CDATA[Customer Customer-00000011284 Add Success :: Test Pass<br>]]>
            </line>
            <line>
              <![CDATA[Customer Customer-00000011285 Add Success :: Test Pass<br>]]>
            </line>
          </reporter-output>
        </test-method> <!-- addingCustomer -->
        <test-method signature="deleteCustomer()[pri:0, instance:driverFactory.DriverScript@132e0cc]" started-at="2024-10-07T12:06:01Z" name="deleteCustomer" finished-at="2024-10-07T12:07:00Z" duration-ms="58436" status="PASS">
          <reporter-output>
            <line>
              <![CDATA[Customer-00000010026 deleted successfully<br>]]>
            </line>
            <line>
              <![CDATA[Customer-00000006849 deleted successfully<br>]]>
            </line>
            <line>
              <![CDATA[Customer-00000010024 deleted successfully<br>]]>
            </line>
          </reporter-output>
        </test-method> <!-- deleteCustomer -->
        <test-method is-config="true" signature="tearDown()[pri:0, instance:driverFactory.DriverScript@132e0cc]" started-at="2024-10-07T12:07:00Z" name="tearDown" finished-at="2024-10-07T12:07:00Z" duration-ms="271" status="PASS">
          <reporter-output>
          </reporter-output>
        </test-method> <!-- tearDown -->
      </class> <!-- driverFactory.DriverScript -->
    </test> <!-- Default test -->
  </suite> <!-- Default suite -->
</testng-results>
